#
# A fatal error has been detected by the Java Runtime Environment:
#
#  EXCEPTION_ACCESS_VIOLATION (0xc0000005) at pc=0x464bc480, pid=5864, tid=10000
#
# JRE version: Java(TM) SE Runtime Environment (8.0_71-b15) (build 1.8.0_71-b15)
# Java VM: Java HotSpot(TM) Client VM (25.71-b15 mixed mode windows-x86 )
# Problematic frame:
# C  [ig75icd32.dll+0x41c480]
#
# Failed to write core dump. Minidumps are not enabled by default on client versions of Windows
#
# If you would like to submit a bug report, please visit:
#   http://bugreport.java.com/bugreport/crash.jsp
# The crash happened outside the Java Virtual Machine in native code.
# See problematic frame for where to report the bug.
#

---------------  T H R E A D  ---------------

Current thread (0x4500d400):  JavaThread "AWT-EventQueue-0" [_thread_in_native, id=10000, stack(0x46930000,0x46980000)]

siginfo: ExceptionCode=0xc0000005, reading address 0x00000000

Registers:
EAX=0x00fde55c, EBX=0x4500d540, ECX=0x4662a750, EDX=0x0000007c
ESP=0x4697e83c, EBP=0x4697e880, ESI=0x468950b8, EDI=0x00000000
EIP=0x464bc480, EFLAGS=0x00010216

Top of Stack: (sp=0x4697e83c)
0x4697e83c:   00000000 00fcee00 00fde55c 00fcee00
0x4697e84c:   44f43910 77b947d4 4502e878 00000017
0x4697e85c:   00000000 450295d0 450299bc 014c2b3c
0x4697e86c:   00000000 00000015 008d2190 4500d400
0x4697e87c:   64510cc0 4697e898 464bf2d8 00000000
0x4697e88c:   46578e40 4500d400 00040108 4697e8d8
0x4697e89c:   64510d5f 00000000 4697e8cc 7793fa10
0x4697e8ac:   4500d400 00000006 00000008 4500d400 

Instructions: (pc=0x464bc480)
0x464bc460:   55 8b ec 83 ec 3c 8b c2 56 8b 30 57 8b 7d 08 89
0x464bc470:   4d c8 89 45 c4 b9 50 a7 62 46 ba 7c 00 00 00 90
0x464bc480:   8b 07 3b 01 75 13 83 c7 04 83 c1 04 83 ea 04 73
0x464bc490:   ef 5f 5e 8b e5 5d c2 04 00 8b 45 08 f3 0f 10 2e 


Register to memory mapping:

EAX=0x00fde55c is an unknown value
EBX=0x4500d540 is an unknown value
ECX=0x4662a750 is an unknown value
EDX=0x0000007c is an unknown value
ESP=0x4697e83c is pointing into the stack for thread: 0x4500d400
EBP=0x4697e880 is pointing into the stack for thread: 0x4500d400
ESI=0x468950b8 is an unknown value
EDI=0x00000000 is an unknown value


Stack: [0x46930000,0x46980000],  sp=0x4697e83c,  free space=314k
Native frames: (J=compiled Java code, j=interpreted, Vv=VM code, C=native code)
C  [ig75icd32.dll+0x41c480]
C  [ig75icd32.dll+0x41f2d8]
C  [jogl_desktop.dll+0x10d5f]
j  jogamp.opengl.gl4.GL4bcImpl.dispatch_glMultMatrixd1(Ljava/lang/Object;IZJ)V+0
j  jogamp.opengl.gl4.GL4bcImpl.glMultMatrixd([DI)V+96
j  lab5_2.Rendering.display(Lcom/jogamp/opengl/GLAutoDrawable;)V+29
j  jogamp.opengl.GLDrawableHelper.displayImpl(Lcom/jogamp/opengl/GLAutoDrawable;)V+62
j  jogamp.opengl.GLDrawableHelper.display(Lcom/jogamp/opengl/GLAutoDrawable;)V+2
j  com.jogamp.opengl.awt.GLCanvas$11.run()V+118
j  jogamp.opengl.GLDrawableHelper.invokeGLImpl(Lcom/jogamp/opengl/GLDrawable;Lcom/jogamp/opengl/GLContext;Ljava/lang/Runnable;Ljava/lang/Runnable;)V+203
j  jogamp.opengl.GLDrawableHelper.invokeGL(Lcom/jogamp/opengl/GLDrawable;Lcom/jogamp/opengl/GLContext;Ljava/lang/Runnable;Ljava/lang/Runnable;)V+72
j  com.jogamp.opengl.awt.GLCanvas$12.run()V+104
j  com.jogamp.opengl.Threading.invoke(ZLjava/lang/Runnable;Ljava/lang/Object;)V+27
j  com.jogamp.opengl.awt.GLCanvas.display()V+64
j  com.jogamp.opengl.awt.GLCanvas.paint(Ljava/awt/Graphics;)V+137
j  sun.awt.RepaintArea.paintComponent(Ljava/awt/Component;Ljava/awt/Graphics;)V+6
j  sun.awt.RepaintArea.paint(Ljava/lang/Object;Z)V+326
j  sun.awt.windows.WComponentPeer.handleEvent(Ljava/awt/AWTEvent;)V+155
j  java.awt.Component.dispatchEventImpl(Ljava/awt/AWTEvent;)V+877
j  java.awt.Component.dispatchEvent(Ljava/awt/AWTEvent;)V+2
j  java.awt.EventQueue.dispatchEventImpl(Ljava/awt/AWTEvent;Ljava/lang/Object;)V+41
j  java.awt.EventQueue.access$500(Ljava/awt/EventQueue;Ljava/awt/AWTEvent;Ljava/lang/Object;)V+3
j  java.awt.EventQueue$3.run()Ljava/lang/Void;+32
j  java.awt.EventQueue$3.run()Ljava/lang/Object;+1
v  ~StubRoutines::call_stub
V  [jvm.dll+0x158bf5]
V  [jvm.dll+0x21e0be]
V  [jvm.dll+0x158c8e]
V  [jvm.dll+0x10958f]
C  [java.dll+0x102f]
j  java.security.ProtectionDomain$JavaSecurityAccessImpl.doIntersectionPrivilege(Ljava/security/PrivilegedAction;Ljava/security/AccessControlContext;Ljava/security/AccessControlContext;)Ljava/lang/Object;+18
j  java.security.ProtectionDomain$JavaSecurityAccessImpl.doIntersectionPrivilege(Ljava/security/PrivilegedAction;Ljava/security/AccessControlContext;)Ljava/lang/Object;+6
j  java.awt.EventQueue$4.run()Ljava/lang/Void;+11
j  java.awt.EventQueue$4.run()Ljava/lang/Object;+1
v  ~StubRoutines::call_stub
V  [jvm.dll+0x158bf5]
V  [jvm.dll+0x21e0be]
V  [jvm.dll+0x158c8e]
V  [jvm.dll+0x10958f]
C  [java.dll+0x102f]
j  java.security.ProtectionDomain$JavaSecurityAccessImpl.doIntersectionPrivilege(Ljava/security/PrivilegedAction;Ljava/security/AccessControlContext;Ljava/security/AccessControlContext;)Ljava/lang/Object;+18
j  java.awt.EventQueue.dispatchEvent(Ljava/awt/AWTEvent;)V+73
j  java.awt.EventDispatchThread.pumpOneEventForFilters(I)V+245
j  java.awt.EventDispatchThread.pumpEventsForFilter(ILjava/awt/Conditional;Ljava/awt/EventFilter;)V+35
j  java.awt.EventDispatchThread.pumpEventsForHierarchy(ILjava/awt/Conditional;Ljava/awt/Component;)V+11
j  java.awt.EventDispatchThread.pumpEvents(ILjava/awt/Conditional;)V+4
j  java.awt.EventDispatchThread.pumpEvents(Ljava/awt/Conditional;)V+3
j  java.awt.EventDispatchThread.run()V+9
v  ~StubRoutines::call_stub
V  [jvm.dll+0x158bf5]
V  [jvm.dll+0x21e0be]
V  [jvm.dll+0x158c8e]
V  [jvm.dll+0x158e16]
V  [jvm.dll+0x158e87]
V  [jvm.dll+0xfd68f]
V  [jvm.dll+0x17c03c]
V  [jvm.dll+0x17c12a]
V  [jvm.dll+0x1c0636]
C  [msvcr100.dll+0x5c556]
C  [msvcr100.dll+0x5c600]
C  [KERNEL32.DLL+0x4198]
C  [ntdll.dll+0x52cb1]
C  [ntdll.dll+0x52c7f]
C  0x00000000

Java frames: (J=compiled Java code, j=interpreted, Vv=VM code)
j  jogamp.opengl.gl4.GL4bcImpl.dispatch_glMultMatrixd1(Ljava/lang/Object;IZJ)V+0
j  jogamp.opengl.gl4.GL4bcImpl.glMultMatrixd([DI)V+96
j  lab5_2.Rendering.display(Lcom/jogamp/opengl/GLAutoDrawable;)V+29
j  jogamp.opengl.GLDrawableHelper.displayImpl(Lcom/jogamp/opengl/GLAutoDrawable;)V+62
j  jogamp.opengl.GLDrawableHelper.display(Lcom/jogamp/opengl/GLAutoDrawable;)V+2
j  com.jogamp.opengl.awt.GLCanvas$11.run()V+118
j  jogamp.opengl.GLDrawableHelper.invokeGLImpl(Lcom/jogamp/opengl/GLDrawable;Lcom/jogamp/opengl/GLContext;Ljava/lang/Runnable;Ljava/lang/Runnable;)V+203
j  jogamp.opengl.GLDrawableHelper.invokeGL(Lcom/jogamp/opengl/GLDrawable;Lcom/jogamp/opengl/GLContext;Ljava/lang/Runnable;Ljava/lang/Runnable;)V+72
j  com.jogamp.opengl.awt.GLCanvas$12.run()V+104
j  com.jogamp.opengl.Threading.invoke(ZLjava/lang/Runnable;Ljava/lang/Object;)V+27
j  com.jogamp.opengl.awt.GLCanvas.display()V+64
j  com.jogamp.opengl.awt.GLCanvas.paint(Ljava/awt/Graphics;)V+137
j  sun.awt.RepaintArea.paintComponent(Ljava/awt/Component;Ljava/awt/Graphics;)V+6
j  sun.awt.RepaintArea.paint(Ljava/lang/Object;Z)V+326
j  sun.awt.windows.WComponentPeer.handleEvent(Ljava/awt/AWTEvent;)V+155
j  java.awt.Component.dispatchEventImpl(Ljava/awt/AWTEvent;)V+877
j  java.awt.Component.dispatchEvent(Ljava/awt/AWTEvent;)V+2
j  java.awt.EventQueue.dispatchEventImpl(Ljava/awt/AWTEvent;Ljava/lang/Object;)V+41
j  java.awt.EventQueue.access$500(Ljava/awt/EventQueue;Ljava/awt/AWTEvent;Ljava/lang/Object;)V+3
j  java.awt.EventQueue$3.run()Ljava/lang/Void;+32
j  java.awt.EventQueue$3.run()Ljava/lang/Object;+1
v  ~StubRoutines::call_stub
j  java.security.AccessController.doPrivileged(Ljava/security/PrivilegedAction;Ljava/security/AccessControlContext;)Ljava/lang/Object;+0
j  java.security.ProtectionDomain$JavaSecurityAccessImpl.doIntersectionPrivilege(Ljava/security/PrivilegedAction;Ljava/security/AccessControlContext;Ljava/security/AccessControlContext;)Ljava/lang/Object;+18
j  java.security.ProtectionDomain$JavaSecurityAccessImpl.doIntersectionPrivilege(Ljava/security/PrivilegedAction;Ljava/security/AccessControlContext;)Ljava/lang/Object;+6
j  java.awt.EventQueue$4.run()Ljava/lang/Void;+11
j  java.awt.EventQueue$4.run()Ljava/lang/Object;+1
v  ~StubRoutines::call_stub
j  java.security.AccessController.doPrivileged(Ljava/security/PrivilegedAction;Ljava/security/AccessControlContext;)Ljava/lang/Object;+0
j  java.security.ProtectionDomain$JavaSecurityAccessImpl.doIntersectionPrivilege(Ljava/security/PrivilegedAction;Ljava/security/AccessControlContext;Ljava/security/AccessControlContext;)Ljava/lang/Object;+18
j  java.awt.EventQueue.dispatchEvent(Ljava/awt/AWTEvent;)V+73
j  java.awt.EventDispatchThread.pumpOneEventForFilters(I)V+245
j  java.awt.EventDispatchThread.pumpEventsForFilter(ILjava/awt/Conditional;Ljava/awt/EventFilter;)V+35
j  java.awt.EventDispatchThread.pumpEventsForHierarchy(ILjava/awt/Conditional;Ljava/awt/Component;)V+11
j  java.awt.EventDispatchThread.pumpEvents(ILjava/awt/Conditional;)V+4
j  java.awt.EventDispatchThread.pumpEvents(Ljava/awt/Conditional;)V+3
j  java.awt.EventDispatchThread.run()V+9
v  ~StubRoutines::call_stub

---------------  P R O C E S S  ---------------

Java Threads: ( => current thread )
  0x00f3e400 JavaThread "DestroyJavaVM" [_thread_blocked, id=7092, stack(0x00ee0000,0x00f30000)]
=>0x4500d400 JavaThread "AWT-EventQueue-0" [_thread_in_native, id=10000, stack(0x46930000,0x46980000)]
  0x4500cc00 JavaThread "AWT-Shutdown" [_thread_blocked, id=1532, stack(0x468e0000,0x46930000)]
  0x451ce800 JavaThread "main-SharedResourceRunner" daemon [_thread_blocked, id=9024, stack(0x00790000,0x007e0000)]
  0x45028800 JavaThread "AWT-Windows" daemon [_thread_in_native, id=11032, stack(0x001b0000,0x00200000)]
  0x44fc1000 JavaThread "Java2D Disposer" daemon [_thread_blocked, id=5652, stack(0x00110000,0x00160000)]
  0x44899c00 JavaThread "Service Thread" daemon [_thread_blocked, id=9244, stack(0x44d30000,0x44d80000)]
  0x44894400 JavaThread "C1 CompilerThread0" daemon [_thread_blocked, id=1944, stack(0x44ce0000,0x44d30000)]
  0x44893400 JavaThread "Attach Listener" daemon [_thread_blocked, id=12156, stack(0x44c90000,0x44ce0000)]
  0x4489e400 JavaThread "Signal Dispatcher" daemon [_thread_blocked, id=6032, stack(0x44c40000,0x44c90000)]
  0x44879400 JavaThread "Finalizer" daemon [_thread_blocked, id=4968, stack(0x44b10000,0x44b60000)]
  0x44874800 JavaThread "Reference Handler" daemon [_thread_blocked, id=7212, stack(0x44ac0000,0x44b10000)]

Other Threads:
  0x01f8e800 VMThread [stack: 0x44a70000,0x44ac0000] [id=8136]
  0x448ca000 WatcherThread [stack: 0x44d80000,0x44dd0000] [id=4612]

VM state:not at safepoint (normal execution)

VM Mutex/Monitor currently owned by a thread: None

Heap:
 def new generation   total 5056K, used 1054K [0x04200000, 0x04770000, 0x19750000)
  eden space 4544K,  16% used [0x04200000, 0x042ba070, 0x04670000)
  from space 512K,  60% used [0x04670000, 0x046bd820, 0x046f0000)
  to   space 512K,   0% used [0x046f0000, 0x046f0000, 0x04770000)
 tenured generation   total 11084K, used 7869K [0x19750000, 0x1a223000, 0x44200000)
   the space 11084K,  71% used [0x19750000, 0x19eff7d8, 0x19eff800, 0x1a223000)
 Metaspace       used 10499K, capacity 10678K, committed 10880K, reserved 11648K

Card table byte_map: [0x44200000,0x44410000] byte_map_base: 0x441df000

Polling page: 0x01040000

CodeCache: size=32768Kb used=1361Kb max_used=1361Kb free=31406Kb
 bounds [0x021c0000, 0x02318000, 0x041c0000]
 total_blobs=835 nmethods=413 adapters=353
 compilation: enabled

Compilation events (10 events):
Event: 7.072 Thread 0x44894400  411  s          java.util.Vector::elementAt (48 bytes)
Event: 7.073 Thread 0x44894400 nmethod 411 0x023078c8 code [0x02307a10, 0x02307e1c]
Event: 7.109 Thread 0x44894400  412             java.awt.image.ComponentColorModel::getDataElements (3206 bytes)
Event: 7.130 Thread 0x44894400 nmethod 412 0x02308148 code [0x02308a90, 0x0230b94c]
Event: 7.130 Thread 0x44894400  413             sun.awt.image.ByteInterleavedRaster::setDataElements (119 bytes)
Event: 7.131 Thread 0x44894400 nmethod 413 0x0230f688 code [0x0230f7a0, 0x0230f9cc]
Event: 7.134 Thread 0x44894400  414 %           sun.java2d.loops.OpaqueCopyArgbToAny::Blit @ 172 (232 bytes)
Event: 7.138 Thread 0x44894400 nmethod 414% 0x0230fc48 code [0x0230fe00, 0x02310568]
Event: 7.149 Thread 0x44894400  415             sun.java2d.loops.OpaqueCopyArgbToAny::Blit (232 bytes)
Event: 7.150 Thread 0x44894400 nmethod 415 0x02311088 code [0x02311220, 0x023116c8]

GC Heap History (10 events):
Event: 6.416 GC heap before
{Heap before GC invocations=25 (full 0):
 def new generation   total 4928K, used 4821K [0x04200000, 0x04750000, 0x19750000)
  eden space 4416K,  97% used [0x04200000, 0x04635758, 0x04650000)
  from space 512K, 100% used [0x046d0000, 0x04750000, 0x04750000)
  to   space 512K,   0% used [0x04650000, 0x04650000, 0x046d0000)
 tenured generation   total 10944K, used 10110K [0x19750000, 0x1a200000, 0x44200000)
   the space 10944K,  92% used [0x19750000, 0x1a12fa88, 0x1a12fc00, 0x1a200000)
 Metaspace       used 9466K, capacity 9649K, committed 9856K, reserved 10624K
Event: 6.419 GC heap after
Heap after GC invocations=26 (full 0):
 def new generation   total 4928K, used 37K [0x04200000, 0x04750000, 0x19750000)
  eden space 4416K,   0% used [0x04200000, 0x04200000, 0x04650000)
  from space 512K,   7% used [0x04650000, 0x04659518, 0x046d0000)
  to   space 512K,   0% used [0x046d0000, 0x046d0000, 0x04750000)
 tenured generation   total 10944K, used 10112K [0x19750000, 0x1a200000, 0x44200000)
   the space 10944K,  92% used [0x19750000, 0x1a130028, 0x1a130200, 0x1a200000)
 Metaspace       used 9466K, capacity 9649K, committed 9856K, reserved 10624K
}
Event: 6.483 GC heap before
{Heap before GC invocations=26 (full 0):
 def new generation   total 4928K, used 4453K [0x04200000, 0x04750000, 0x19750000)
  eden space 4416K, 100% used [0x04200000, 0x04650000, 0x04650000)
  from space 512K,   7% used [0x04650000, 0x04659518, 0x046d0000)
  to   space 512K,   0% used [0x046d0000, 0x046d0000, 0x04750000)
 tenured generation   total 10944K, used 10112K [0x19750000, 0x1a200000, 0x44200000)
   the space 10944K,  92% used [0x19750000, 0x1a130028, 0x1a130200, 0x1a200000)
 Metaspace       used 9481K, capacity 9649K, committed 9856K, reserved 10624K
Event: 6.492 GC heap after
Heap after GC invocations=27 (full 0):
 def new generation   total 4928K, used 512K [0x04200000, 0x04750000, 0x19750000)
  eden space 4416K,   0% used [0x04200000, 0x04200000, 0x04650000)
  from space 512K, 100% used [0x046d0000, 0x04750000, 0x04750000)
  to   space 512K,   0% used [0x04650000, 0x04650000, 0x046d0000)
 tenured generation   total 10944K, used 10757K [0x19750000, 0x1a200000, 0x44200000)
   the space 10944K,  98% used [0x19750000, 0x1a1d1430, 0x1a1d1600, 0x1a200000)
 Metaspace       used 9481K, capacity 9649K, committed 9856K, reserved 10624K
}
Event: 6.517 GC heap before
{Heap before GC invocations=27 (full 0):
 def new generation   total 4928K, used 4928K [0x04200000, 0x04750000, 0x19750000)
  eden space 4416K, 100% used [0x04200000, 0x04650000, 0x04650000)
  from space 512K, 100% used [0x046d0000, 0x04750000, 0x04750000)
  to   space 512K,   0% used [0x04650000, 0x04650000, 0x046d0000)
 tenured generation   total 10944K, used 10757K [0x19750000, 0x1a200000, 0x44200000)
   the space 10944K,  98% used [0x19750000, 0x1a1d1430, 0x1a1d1600, 0x1a200000)
 Metaspace       used 9481K, capacity 9649K, committed 9856K, reserved 10624K
Event: 6.573 GC heap after
Heap after GC invocations=28 (full 1):
 def new generation   total 5056K, used 0K [0x04200000, 0x04770000, 0x19750000)
  eden space 4544K,   0% used [0x04200000, 0x04200000, 0x04670000)
  from space 512K,   0% used [0x04670000, 0x04670000, 0x046f0000)
  to   space 512K,   0% used [0x046f0000, 0x046f0000, 0x04770000)
 tenured generation   total 11084K, used 6648K [0x19750000, 0x1a223000, 0x44200000)
   the space 11084K,  59% used [0x19750000, 0x19dce378, 0x19dce400, 0x1a223000)
 Metaspace       used 9481K, capacity 9649K, committed 9856K, reserved 10624K
}
Event: 7.047 GC heap before
{Heap before GC invocations=28 (full 1):
 def new generation   total 5056K, used 4544K [0x04200000, 0x04770000, 0x19750000)
  eden space 4544K, 100% used [0x04200000, 0x04670000, 0x04670000)
  from space 512K,   0% used [0x04670000, 0x04670000, 0x046f0000)
  to   space 512K,   0% used [0x046f0000, 0x046f0000, 0x04770000)
 tenured generation   total 11084K, used 6648K [0x19750000, 0x1a223000, 0x44200000)
   the space 11084K,  59% used [0x19750000, 0x19dce378, 0x19dce400, 0x1a223000)
 Metaspace       used 10343K, capacity 10518K, committed 10752K, reserved 11648K
Event: 7.054 GC heap after
Heap after GC invocations=29 (full 1):
 def new generation   total 5056K, used 427K [0x04200000, 0x04770000, 0x19750000)
  eden space 4544K,   0% used [0x04200000, 0x04200000, 0x04670000)
  from space 512K,  83% used [0x046f0000, 0x0475aee0, 0x04770000)
  to   space 512K,   0% used [0x04670000, 0x04670000, 0x046f0000)
 tenured generation   total 11084K, used 7625K [0x19750000, 0x1a223000, 0x44200000)
   the space 11084K,  68% used [0x19750000, 0x19ec25c8, 0x19ec2600, 0x1a223000)
 Metaspace       used 10343K, capacity 10518K, committed 10752K, reserved 11648K
}
Event: 7.165 GC heap before
{Heap before GC invocations=29 (full 1):
 def new generation   total 5056K, used 4971K [0x04200000, 0x04770000, 0x19750000)
  eden space 4544K, 100% used [0x04200000, 0x04670000, 0x04670000)
  from space 512K,  83% used [0x046f0000, 0x0475aee0, 0x04770000)
  to   space 512K,   0% used [0x04670000, 0x04670000, 0x046f0000)
 tenured generation   total 11084K, used 7625K [0x19750000, 0x1a223000, 0x44200000)
   the space 11084K,  68% used [0x19750000, 0x19ec25c8, 0x19ec2600, 0x1a223000)
 Metaspace       used 10427K, capacity 10614K, committed 10752K, reserved 11648K
Event: 7.171 GC heap after
Heap after GC invocations=30 (full 1):
 def new generation   total 5056K, used 310K [0x04200000, 0x04770000, 0x19750000)
  eden space 4544K,   0% used [0x04200000, 0x04200000, 0x04670000)
  from space 512K,  60% used [0x04670000, 0x046bd820, 0x046f0000)
  to   space 512K,   0% used [0x046f0000, 0x046f0000, 0x04770000)
 tenured generation   total 11084K, used 7869K [0x19750000, 0x1a223000, 0x44200000)
   the space 11084K,  71% used [0x19750000, 0x19eff7d8, 0x19eff800, 0x1a223000)
 Metaspace       used 10427K, capacity 10614K, committed 10752K, reserved 11648K
}

Deoptimization events (0 events):
No events

Internal exceptions (10 events):
Event: 0.544 Thread 0x00f3e400 Exception <a 'java/security/PrivilegedActionException'> (0x0440b350) thrown at [C:\re\workspace\8-2-build-windows-i586-cygwin\jdk8u71\5731\hotspot\src\share\vm\prims\jvm.cpp, line 1386]
Event: 0.544 Thread 0x00f3e400 Exception <a 'java/security/PrivilegedActionException'> (0x0440b550) thrown at [C:\re\workspace\8-2-build-windows-i586-cygwin\jdk8u71\5731\hotspot\src\share\vm\prims\jvm.cpp, line 1386]
Event: 0.547 Thread 0x00f3e400 Exception <a 'java/security/PrivilegedActionException'> (0x0440ec98) thrown at [C:\re\workspace\8-2-build-windows-i586-cygwin\jdk8u71\5731\hotspot\src\share\vm\prims\jvm.cpp, line 1386]
Event: 0.547 Thread 0x00f3e400 Exception <a 'java/security/PrivilegedActionException'> (0x0440ee98) thrown at [C:\re\workspace\8-2-build-windows-i586-cygwin\jdk8u71\5731\hotspot\src\share\vm\prims\jvm.cpp, line 1386]
Event: 0.595 Thread 0x00f3e400 Exception <a 'java/io/FileNotFoundException'> (0x04428128) thrown at [C:\re\workspace\8-2-build-windows-i586-cygwin\jdk8u71\5731\hotspot\src\share\vm\prims\jni.cpp, line 709]
Event: 0.698 Thread 0x00f3e400 Exception <a 'java/lang/NoSuchFieldError': method resolution failed> (0x044e31e0) thrown at [C:\re\workspace\8-2-build-windows-i586-cygwin\jdk8u71\5731\hotspot\src\share\vm\prims\methodHandles.cpp, line 1146]
Event: 0.702 Thread 0x00f3e400 Exception <a 'java/lang/NoSuchFieldError': method resolution failed> (0x044ef3a8) thrown at [C:\re\workspace\8-2-build-windows-i586-cygwin\jdk8u71\5731\hotspot\src\share\vm\prims\methodHandles.cpp, line 1146]
Event: 2.701 Thread 0x00f3e400 Exception <a 'java/io/FileNotFoundException'> (0x04319db8) thrown at [C:\re\workspace\8-2-build-windows-i586-cygwin\jdk8u71\5731\hotspot\src\share\vm\prims\jni.cpp, line 709]
Event: 5.972 Thread 0x00f3e400 Implicit null exception at 0x022dd853 to 0x022ddba9
Event: 6.723 Thread 0x00f3e400 Exception <a 'java/lang/reflect/InvocationTargetException'> (0x04384eb0) thrown at [C:\re\workspace\8-2-build-windows-i586-cygwin\jdk8u71\5731\hotspot\src\share\vm\runtime\reflection.cpp, line 1092]

Events (10 events):
Event: 7.180 loading class com/jogamp/opengl/glu/gl2/GLUgl2
Event: 7.180 loading class com/jogamp/opengl/glu/gl2/GLUgl2 done
Event: 7.182 loading class com/jogamp/opengl/glu/gl2es1/GLUgl2es1
Event: 7.182 loading class com/jogamp/opengl/glu/gl2es1/GLUgl2es1 done
Event: 7.183 loading class jogamp/opengl/ProjectFloat
Event: 7.183 loading class jogamp/opengl/ProjectFloat done
Event: 7.185 loading class com/jogamp/opengl/math/FloatUtil
Event: 7.185 loading class com/jogamp/opengl/math/FloatUtil done
Event: 7.190 loading class com/jogamp/opengl/math/VectorUtil
Event: 7.190 loading class com/jogamp/opengl/math/VectorUtil done


Dynamic libraries:
0x01070000 - 0x010a3000 	C:\Program Files\Java\jre1.8.0_71\bin\javaw.exe
0x77200000 - 0x7736a000 	C:\WINDOWS\SYSTEM32\ntdll.dll
0x74e70000 - 0x74f70000 	C:\WINDOWS\system32\KERNEL32.DLL
0x74aa0000 - 0x74b79000 	C:\WINDOWS\system32\KERNELBASE.dll
0x73980000 - 0x73a20000 	C:\WINDOWS\system32\apphelp.dll
0x52ab0000 - 0x52d16000 	C:\WINDOWS\AppPatch\AcGenral.DLL
0x76a70000 - 0x76b33000 	C:\WINDOWS\system32\msvcrt.dll
0x76660000 - 0x766a1000 	C:\WINDOWS\SYSTEM32\sechost.dll
0x74de0000 - 0x74e04000 	C:\WINDOWS\system32\SspiCli.dll
0x74e10000 - 0x74e55000 	C:\WINDOWS\system32\SHLWAPI.dll
0x73a60000 - 0x73b4e000 	C:\WINDOWS\SYSTEM32\UxTheme.dll
0x76cc0000 - 0x76e15000 	C:\WINDOWS\system32\USER32.dll
0x76e20000 - 0x76f33000 	C:\WINDOWS\system32\GDI32.dll
0x6da60000 - 0x6da83000 	C:\WINDOWS\SYSTEM32\WINMM.dll
0x6fb60000 - 0x6fb73000 	C:\WINDOWS\SYSTEM32\samcli.dll
0x75270000 - 0x75399000 	C:\WINDOWS\system32\ole32.dll
0x770c0000 - 0x77155000 	C:\WINDOWS\system32\OLEAUT32.dll
0x6f9e0000 - 0x6f9f7000 	C:\WINDOWS\SYSTEM32\MSACM32.dll
0x6e8f0000 - 0x6e8f8000 	C:\WINDOWS\SYSTEM32\VERSION.dll
0x753a0000 - 0x7665c000 	C:\WINDOWS\system32\SHELL32.dll
0x74190000 - 0x741ab000 	C:\WINDOWS\SYSTEM32\USERENV.dll
0x731c0000 - 0x731da000 	C:\WINDOWS\SYSTEM32\dwmapi.dll
0x6c100000 - 0x6c24b000 	C:\WINDOWS\SYSTEM32\urlmon.dll
0x74fc0000 - 0x7503c000 	C:\WINDOWS\system32\ADVAPI32.dll
0x6dc00000 - 0x6dc65000 	C:\WINDOWS\SYSTEM32\WINSPOOL.DRV
0x693b0000 - 0x693c6000 	C:\WINDOWS\SYSTEM32\MPR.dll
0x767b0000 - 0x76880000 	C:\WINDOWS\system32\RPCRT4.dll
0x76f40000 - 0x770bd000 	C:\WINDOWS\SYSTEM32\combase.dll
0x6da30000 - 0x6da53000 	C:\WINDOWS\SYSTEM32\WINMMBASE.dll
0x749e0000 - 0x749ef000 	C:\WINDOWS\SYSTEM32\profapi.dll
0x6e220000 - 0x6e454000 	C:\WINDOWS\SYSTEM32\iertutil.dll
0x6e6e0000 - 0x6e8ed000 	C:\WINDOWS\SYSTEM32\WININET.dll
0x74b80000 - 0x74bbc000 	C:\WINDOWS\SYSTEM32\cfgmgr32.dll
0x73b90000 - 0x73bb1000 	C:\WINDOWS\SYSTEM32\DEVOBJ.dll
0x76710000 - 0x7679b000 	C:\WINDOWS\system32\SHCORE.DLL
0x76880000 - 0x768a6000 	C:\WINDOWS\system32\IMM32.DLL
0x75130000 - 0x75242000 	C:\WINDOWS\system32\MSCTF.dll
0x723a0000 - 0x725a6000 	C:\WINDOWS\WinSxS\x86_microsoft.windows.common-controls_6595b64144ccf1df_6.0.9600.18006_none_a9ec6aab013aafee\COMCTL32.dll
0x641b0000 - 0x6426f000 	C:\Program Files\Java\jre1.8.0_71\bin\msvcr100.dll
0x778c0000 - 0x77c88000 	C:\Program Files\Java\jre1.8.0_71\bin\client\jvm.dll
0x6f3e0000 - 0x6f3e8000 	C:\WINDOWS\SYSTEM32\WSOCK32.dll
0x74e60000 - 0x74e66000 	C:\WINDOWS\system32\PSAPI.DLL
0x74f70000 - 0x74fc0000 	C:\WINDOWS\system32\WS2_32.dll
0x76cb0000 - 0x76cb7000 	C:\WINDOWS\system32\NSI.dll
0x73570000 - 0x7357c000 	C:\Program Files\Java\jre1.8.0_71\bin\verify.dll
0x64180000 - 0x641a1000 	C:\Program Files\Java\jre1.8.0_71\bin\java.dll
0x68080000 - 0x68093000 	C:\Program Files\Java\jre1.8.0_71\bin\zip.dll
0x590b0000 - 0x591f5000 	C:\Program Files\Java\jre1.8.0_71\bin\awt.dll
0x743c0000 - 0x743d9000 	C:\WINDOWS\SYSTEM32\CRYPTSP.dll
0x74050000 - 0x74080000 	C:\WINDOWS\system32\rsaenh.dll
0x745b0000 - 0x745d0000 	C:\WINDOWS\SYSTEM32\bcrypt.dll
0x748e0000 - 0x74934000 	C:\WINDOWS\system32\bcryptprimitives.dll
0x74940000 - 0x7494a000 	C:\WINDOWS\SYSTEM32\CRYPTBASE.dll
0x64160000 - 0x64176000 	C:\Program Files\Java\jre1.8.0_71\bin\net.dll
0x74370000 - 0x743bb000 	C:\WINDOWS\system32\mswsock.dll
0x70470000 - 0x70490000 	C:\WINDOWS\SYSTEM32\IPHLPAPI.DLL
0x70450000 - 0x70458000 	C:\WINDOWS\SYSTEM32\WINNSI.DLL
0x702e0000 - 0x702f3000 	C:\WINDOWS\SYSTEM32\dhcpcsvc6.DLL
0x702c0000 - 0x702d4000 	C:\WINDOWS\SYSTEM32\dhcpcsvc.DLL
0x73320000 - 0x7332f000 	C:\Program Files\Java\jre1.8.0_71\bin\nio.dll
0x637c0000 - 0x637cb000 	C:\Users\Tanya\AppData\Local\Temp\jogamp_0000\file_cache\jln8913301076759652158\jln176576524025079611\natives\windows-i586\gluegen-rt.dll
0x73bd0000 - 0x73bd9000 	C:\WINDOWS\SYSTEM32\kernel.appcore.dll
0x70e10000 - 0x70e16000 	C:\Program Files\Java\jre1.8.0_71\bin\jawt.dll
0x6a440000 - 0x6a44b000 	C:\Users\Tanya\AppData\Local\Temp\jogamp_0000\file_cache\jln8913301076759652158\jln176576524025079611\natives\windows-i586\nativewindow_awt.dll
0x01fa0000 - 0x01fad000 	C:\Users\Tanya\AppData\Local\Temp\jogamp_0000\file_cache\jln8913301076759652158\jln176576524025079611\natives\windows-i586\nativewindow_win32.dll
0x5ffb0000 - 0x6008e000 	C:\WINDOWS\SYSTEM32\OpenGL32.dll
0x68c90000 - 0x68cb5000 	C:\WINDOWS\SYSTEM32\GLU32.dll
0x5fec0000 - 0x5ffac000 	C:\WINDOWS\SYSTEM32\DDRAW.dll
0x73540000 - 0x73547000 	C:\WINDOWS\SYSTEM32\DCIMAN32.dll
0x64500000 - 0x645a1000 	C:\Users\Tanya\AppData\Local\Temp\jogamp_0000\file_cache\jln8913301076759652158\jln176576524025079611\natives\windows-i586\jogl_desktop.dll
0x64340000 - 0x6439a000 	C:\Users\Tanya\AppData\Local\Temp\jogamp_0000\file_cache\jln8913301076759652158\jln176576524025079611\natives\windows-i586\jogl_mobile.dll
0x460a0000 - 0x467dd000 	C:\WINDOWS\SYSTEM32\ig75icd32.dll
0x64f70000 - 0x65816000 	C:\WINDOWS\SYSTEM32\igdusc32.dll
0x708e0000 - 0x708ef000 	C:\WINDOWS\SYSTEM32\WTSAPI32.dll
0x74840000 - 0x74880000 	C:\WINDOWS\SYSTEM32\powrprof.dll
0x640f0000 - 0x64129000 	C:\Program Files\Java\jre1.8.0_71\bin\fontmanager.dll
0x681f0000 - 0x68331000 	C:\WINDOWS\SYSTEM32\dbghelp.dll

VM Arguments:
jvm_args: -Djava.library.path=C:\Users\Tanya\openGL_java\Lab5-2\lib\natives;C:\Users\Tanya\Desktop\lib -Dfile.encoding=Cp1251 -Xmx1024M 
java_command: lab5_2.Main
java_class_path (initial): C:\Users\Tanya\openGL_java\Lab5-2\bin;C:\Users\Tanya\Desktop\dcm4che-2.0.29\lib\commons-cli-1.2.jar;C:\Users\Tanya\Desktop\dcm4che-2.0.29\lib\dcm4che-audit-2.0.29.jar;C:\Users\Tanya\Desktop\dcm4che-2.0.29\lib\dcm4che-base64-2.0.29.jar;C:\Users\Tanya\Desktop\dcm4che-2.0.29\lib\dcm4che-core-2.0.29.jar;C:\Users\Tanya\Desktop\dcm4che-2.0.29\lib\dcm4che-filecache-2.0.29.jar;C:\Users\Tanya\Desktop\dcm4che-2.0.29\lib\dcm4che-hp-2.0.29.jar;C:\Users\Tanya\Desktop\dcm4che-2.0.29\lib\dcm4che-image-2.0.29.jar;C:\Users\Tanya\Desktop\dcm4che-2.0.29\lib\dcm4che-imageio-2.0.29.jar;C:\Users\Tanya\Desktop\dcm4che-2.0.29\lib\dcm4che-imageio-rle-2.0.29.jar;C:\Users\Tanya\Desktop\dcm4che-2.0.29\lib\dcm4che-iod-2.0.29.jar;C:\Users\Tanya\Desktop\dcm4che-2.0.29\lib\dcm4che-net-2.0.29.jar;C:\Users\Tanya\Desktop\dcm4che-2.0.29\lib\dcm4che-soundex-2.0.29.jar;C:\Users\Tanya\Desktop\dcm4che-2.0.29\lib\dcm4che-tool-dcm2dcm-2.0.29.jar;C:\Users\Tanya\Desktop\dcm4che-2.0.29\lib\dcm4che-tool-dcm2jpg-2.0.29.jar;C:\Users\Tanya\Desktop\dcm4che-2.0.29\lib\dcm4che-tool-dcm2txt-2.0.29.jar;C:\Users\Tanya\Desktop\dcm4che-2.0.29\lib\dcm4che-tool-dcm2xml-2.0.29.jar;C:\Users\Tanya\Desktop\dcm4che-2.0.29\lib\dcm4che-tool-dcmdir-2.0.29.jar;C:\Users\Tanya\Desktop\dcm4che-2.0.29\lib\dcm4che-tool-dcmecho-2.0.29.jar;C:\Users\Tanya\Desktop\dcm4che-2.0.29\lib\dcm4che-tool-dcmgpwl-2.0.29.jar;C:\Users\Tanya\Desktop\dcm4che-2.0.29\lib\dcm4che-tool-dcmhpqr-2.0.29.jar;C:\Users\Tanya\Desktop\dcm4che-2.0.29\lib\dcm4che-tool-dcmmv-2.0.29.jar;C:\Users\Tanya\Desktop\dcm4che-2.0.29\lib\dcm4che-tool-dcmmwl-2.0.29.jar;C:\Users\Tanya\Desktop\dcm4che-2.0.29\lib\dcm4che-tool-dcmof-2.0.29.jar;C:\Users\Tanya\Desktop\dcm4che-2.0.29\lib\dcm4che-tool-dcmqr-2.0.29.jar;C:\Users\Tanya\Desktop\dcm4che-2.0.29\lib\dcm4che-tool-dcmrcv-2.0.29.jar;C:\Users\Tanya\Desktop\dcm4che-2.0.29\lib\dcm4che-tool-dcmsnd-2.0.29.jar;C:\Users\Tanya\Desktop\dcm4che-2.0.29\lib\dcm4che-tool-dcmups-2.0.29.jar;C:\Users\Tanya\Desktop\dcm4c
Launcher Type: SUN_STANDARD

Environment Variables:
JAVA_HOME=C:\Program Files\Java\jre7\bin;
_JAVA_OPTIONS=-Xmx1024M
PATH=C:/Program Files/Java/jdk1.7.0_79/bin/../jre/bin/client;C:/Program Files/Java/jdk1.7.0_79/bin/../jre/bin;C:/Program Files/Java/jdk1.7.0_79/bin/../jre/lib/i386;C:\Program Files\Java\jdk1.7.0_79\bin;C:\ProgramData\Oracle\Java\javapath;C:\WINDOWS\system32;C:\WINDOWS;C:\WINDOWS\System32\Wbem;C:\WINDOWS\System32\WindowsPowerShell\v1.0\;C:\Program Files\Intel\WiFi\bin\;C:\Program Files\Common Files\Intel\WirelessCommon\;C:\Program Files\MATLAB\R2015b\bin;C:\Python27;C:\Program Files\Skype\Phone\;C:\WINDOWS\system32\config\systemprofile\.dnx\bin;C:\Program Files\Microsoft DNX\Dnvm\;C:\Program Files\nodejs\;C:\Program Files\Java\jre7\bin;C:\Program Files\Java\jdk1.7.0_79\bin;C:\Program Files\Intel\WiFi\bin\;C:\Program Files\Common Files\Intel\WirelessCommon\;C:\Program Files\Java\jre1.8.0_71;C:\Users\Tanya\AppData\Local\.meteor\;C:\Program Files\Java\jre7\bin;\bin;C:\Program Files\Microsoft VS Code\bin;C:\Users\Tanya\AppData\Roaming\npm;C:\Users\Tanya\Desktop\eclipse;
USERNAME=Tanya
OS=Windows_NT
PROCESSOR_IDENTIFIER=x86 Family 6 Model 69 Stepping 1, GenuineIntel



---------------  S Y S T E M  ---------------

OS: Windows 8.1 Build 9600 (6.3.9600.17415)

CPU:total 4 (2 cores per cpu, 2 threads per core) family 6 model 69 stepping 1, cmov, cx8, fxsr, mmx, sse, sse2, sse3, ssse3, sse4.1, sse4.2, popcnt, avx, avx2, aes, clmul, erms, lzcnt, ht, tsc, tscinvbit, bmi1, bmi2

Memory: 4k page, physical 2787692k(413008k free), swap 19564908k(16346688k free)

vm_info: Java HotSpot(TM) Client VM (25.71-b15) for windows-x86 JRE (1.8.0_71-b15), built on Dec 22 2015 17:22:59 by "java_re" with MS VC++ 10.0 (VS2010)

time: Thu Jun 02 15:12:15 2016
elapsed time: 7 seconds (0d 0h 0m 7s)

